<?xml version="1.0" encoding="UTF-8"?>
<!-- Generated by org.testng.reporters.JUnitXMLReporter -->
<testsuite ignored="0" hostname="Hanuman" failures="0" tests="7" name="Test" time="0.073" errors="0" timestamp="2023-03-30T17:07:28 IST">
  <testcase classname="openBankAccount.SalariedAccount" name="Salaried" time="0.011"/>
  <testcase classname="Loans.HomeLoan" name="ConstructionHome" time="0.002"/>
  <testcase classname="Loans.HomeLoan" name="LeaseHome" time="0.002"/>
  <testcase classname="Loans.HomeLoan" name="RentHome" time="0.003"/>
  <testcase classname="openBankAccount.ZeroBalanceAccount" name="ZeroBalanceForOlder" time="0.002"/>
  <testcase classname="openBankAccount.ZeroBalanceAccount" name="ZeroBalanceForStudent" time="0.002"/>
  <testcase classname="openBankAccount.CurrentAccount" name="Current" time="0.002"/>
</testsuite> <!-- Test -->
