<?xml version="1.0" encoding="UTF-8"?>
<testng-results ignored="0" total="7" passed="7" failed="0" skipped="0">
  <reporter-output>
  </reporter-output>
  <suite started-at="2023-03-30T17:07:28 IST" name="Suite" finished-at="2023-03-30T17:07:28 IST" duration-ms="73">
    <groups>
    </groups>
    <test started-at="2023-03-30T17:07:28 IST" name="Test" finished-at="2023-03-30T17:07:28 IST" duration-ms="73">
      <class name="openBankAccount.ZeroBalanceAccount">
        <test-method signature="ZeroBalanceForOlder()[pri:0, instance:openBankAccount.ZeroBalanceAccount@77eca502]" started-at="2023-03-30T17:07:28 IST" name="ZeroBalanceForOlder" finished-at="2023-03-30T17:07:28 IST" duration-ms="2" status="PASS">
          <reporter-output>
          </reporter-output>
        </test-method> <!-- ZeroBalanceForOlder -->
        <test-method signature="ZeroBalanceForStudent()[pri:0, instance:openBankAccount.ZeroBalanceAccount@77eca502]" started-at="2023-03-30T17:07:28 IST" name="ZeroBalanceForStudent" finished-at="2023-03-30T17:07:28 IST" duration-ms="2" status="PASS">
          <reporter-output>
          </reporter-output>
        </test-method> <!-- ZeroBalanceForStudent -->
      </class> <!-- openBankAccount.ZeroBalanceAccount -->
      <class name="openBankAccount.CurrentAccount">
        <test-method signature="Current()[pri:0, instance:openBankAccount.CurrentAccount@3246fb96]" started-at="2023-03-30T17:07:28 IST" name="Current" finished-at="2023-03-30T17:07:28 IST" duration-ms="2" status="PASS">
          <reporter-output>
          </reporter-output>
        </test-method> <!-- Current -->
      </class> <!-- openBankAccount.CurrentAccount -->
      <class name="Loans.HomeLoan">
        <test-method signature="ConstructionHome()[pri:0, instance:Loans.HomeLoan@7690781]" started-at="2023-03-30T17:07:28 IST" name="ConstructionHome" finished-at="2023-03-30T17:07:28 IST" duration-ms="2" status="PASS">
          <reporter-output>
          </reporter-output>
        </test-method> <!-- ConstructionHome -->
        <test-method signature="LeaseHome()[pri:1, instance:Loans.HomeLoan@7690781]" started-at="2023-03-30T17:07:28 IST" name="LeaseHome" finished-at="2023-03-30T17:07:28 IST" depends-on-methods="Loans.HomeLoan.ConstructionHome" duration-ms="2" status="PASS">
          <reporter-output>
          </reporter-output>
        </test-method> <!-- LeaseHome -->
        <test-method signature="RentHome()[pri:2, instance:Loans.HomeLoan@7690781]" started-at="2023-03-30T17:07:28 IST" name="RentHome" finished-at="2023-03-30T17:07:28 IST" depends-on-methods="Loans.HomeLoan.ConstructionHome, Loans.HomeLoan.LeaseHome" duration-ms="3" status="PASS">
          <reporter-output>
          </reporter-output>
        </test-method> <!-- RentHome -->
      </class> <!-- Loans.HomeLoan -->
      <class name="openBankAccount.SalariedAccount">
        <test-method signature="Salaried()[pri:0, instance:openBankAccount.SalariedAccount@355ce81c]" started-at="2023-03-30T17:07:28 IST" name="Salaried" finished-at="2023-03-30T17:07:28 IST" duration-ms="11" status="PASS">
          <reporter-output>
          </reporter-output>
        </test-method> <!-- Salaried -->
      </class> <!-- openBankAccount.SalariedAccount -->
    </test> <!-- Test -->
  </suite> <!-- Suite -->
</testng-results>
